빌드 시작: 2013-05-31 오전 10:08:00
     1>2 노드의 "C:\Users\Showsense\Desktop\CumulativePowerAnalyzer\CumulativePowerAnalyzer\CumulativePowerAnalyzer.vcxproj" 프로젝트(build 대상)입니다.
     1>InitializeBuildStatus:
         "AlwaysCreate"이(가) 지정되었기 때문에 "Release\CumulativePowerAnalyzer.unsuccessfulbuild"을(를) 만들고 있습니다.
       ClCompile:
         c:\Program Files (x86)\Microsoft Visual Studio 10.0\VC\bin\CL.exe /c /I"C:\Program Files (x86)\IVI Foundation\VISA\WinNT\include" /Zi /nologo /W3 /WX- /O2 /Oi /Oy- /GL /D WIN32 /D NDEBUG /D _CONSOLE /D _UNICODE /D UNICODE /Gm- /EHsc /MD /GS /Gy /fp:precise /Zc:wchar_t /Zc:forScope /Fo"Release\\" /Fd"Release\vc100.pdb" /Gd /TP /analyze- /errorReport:prompt CumulativePowerAnalyzer.cpp
         CumulativePowerAnalyzer.cpp
     1>CumulativePowerAnalyzer.cpp(10): warning C4101: 'dbAverage' :참조되지 않은 지역 변수입니다.
       Link:
         c:\Program Files (x86)\Microsoft Visual Studio 10.0\VC\bin\link.exe /ERRORREPORT:PROMPT /OUT:"C:\Users\Showsense\Desktop\CumulativePowerAnalyzer\Release\CumulativePowerAnalyzer.exe" /INCREMENTAL:NO /NOLOGO /LIBPATH:"C:\Program Files (x86)\IVI Foundation\VISA\WinNT\lib\msc" visa32.lib kernel32.lib user32.lib gdi32.lib winspool.lib comdlg32.lib advapi32.lib shell32.lib ole32.lib oleaut32.lib uuid.lib odbc32.lib odbccp32.lib /MANIFEST /ManifestFile:"Release\CumulativePowerAnalyzer.exe.intermediate.manifest" /MANIFESTUAC:"level='asInvoker' uiAccess='false'" /DEBUG /PDB:"C:\Users\Showsense\Desktop\CumulativePowerAnalyzer\Release\CumulativePowerAnalyzer.pdb" /SUBSYSTEM:CONSOLE /OPT:REF /OPT:ICF /LTCG /TLBID:1 /DYNAMICBASE /NXCOMPAT /IMPLIB:"C:\Users\Showsense\Desktop\CumulativePowerAnalyzer\Release\CumulativePowerAnalyzer.lib" /MACHINE:X86 Release\CumulativePowerAnalyzer.obj
         코드를 생성하고 있습니다.
         코드를 생성했습니다.
         CumulativePowerAnalyzer.vcxproj -> C:\Users\Showsense\Desktop\CumulativePowerAnalyzer\Release\CumulativePowerAnalyzer.exe
       Manifest:
         C:\Program Files (x86)\Microsoft SDKs\Windows\v7.0A\bin\mt.exe /nologo /verbose /outputresource:"C:\Users\Showsense\Desktop\CumulativePowerAnalyzer\Release\CumulativePowerAnalyzer.exe;#1" /manifest Release\CumulativePowerAnalyzer.exe.intermediate.manifest
       FinalizeBuildStatus:
         "Release\CumulativePowerAnalyzer.unsuccessfulbuild" 파일을 삭제하고 있습니다.
         "Release\CumulativePowerAnalyzer.lastbuildstate"에 연결(touching)하고 있습니다.
     1>"C:\Users\Showsense\Desktop\CumulativePowerAnalyzer\CumulativePowerAnalyzer\CumulativePowerAnalyzer.vcxproj" 프로젝트를 빌드했습니다(build 대상).

빌드했습니다.

경과 시간: 00:00:00.68
