C:\Users\Showsense\Desktop\CumulativePowerAnalyzer\CumulativePowerAnalyzer\Release\ag34405.tlh
C:\Users\Showsense\Desktop\CumulativePowerAnalyzer\CumulativePowerAnalyzer\Release\ag34405.tli
C:\Users\Showsense\Desktop\CumulativePowerAnalyzer\CumulativePowerAnalyzer\Release\cl.command.1.tlog
C:\Users\Showsense\Desktop\CumulativePowerAnalyzer\CumulativePowerAnalyzer\Release\CL.read.1.tlog
C:\Users\Showsense\Desktop\CumulativePowerAnalyzer\CumulativePowerAnalyzer\Release\CL.write.1.tlog
C:\Users\Showsense\Desktop\CumulativePowerAnalyzer\CumulativePowerAnalyzer\Release\CumulativePowerAnalyzer.exe.intermediate.manifest
C:\USERS\SHOWSENSE\DESKTOP\CUMULATIVEPOWERANALYZER\CUMULATIVEPOWERANALYZER\RELEASE\CUMULATIVEPOWERANALYZER.OBJ
C:\Users\Showsense\Desktop\CumulativePowerAnalyzer\CumulativePowerAnalyzer\Release\GlobMgr.tlh
C:\Users\Showsense\Desktop\CumulativePowerAnalyzer\CumulativePowerAnalyzer\Release\GlobMgr.tli
C:\Users\Showsense\Desktop\CumulativePowerAnalyzer\CumulativePowerAnalyzer\Release\ividmmtypelib.tlh
C:\Users\Showsense\Desktop\CumulativePowerAnalyzer\CumulativePowerAnalyzer\Release\ividmmtypelib.tli
C:\Users\Showsense\Desktop\CumulativePowerAnalyzer\CumulativePowerAnalyzer\Release\ividrivertypelib.tlh
C:\Users\Showsense\Desktop\CumulativePowerAnalyzer\CumulativePowerAnalyzer\Release\ividrivertypelib.tli
C:\Users\Showsense\Desktop\CumulativePowerAnalyzer\CumulativePowerAnalyzer\Release\link.command.1.tlog
C:\Users\Showsense\Desktop\CumulativePowerAnalyzer\CumulativePowerAnalyzer\Release\link.read.1.tlog
C:\Users\Showsense\Desktop\CumulativePowerAnalyzer\CumulativePowerAnalyzer\Release\link.write.1.tlog
C:\Users\Showsense\Desktop\CumulativePowerAnalyzer\CumulativePowerAnalyzer\Release\mt.command.1.tlog
C:\Users\Showsense\Desktop\CumulativePowerAnalyzer\CumulativePowerAnalyzer\Release\mt.read.1.tlog
C:\Users\Showsense\Desktop\CumulativePowerAnalyzer\CumulativePowerAnalyzer\Release\mt.write.1.tlog
C:\USERS\SHOWSENSE\DESKTOP\CUMULATIVEPOWERANALYZER\CUMULATIVEPOWERANALYZER\RELEASE\VC100.PDB
C:\USERS\SHOWSENSE\DESKTOP\CUMULATIVEPOWERANALYZER\RELEASE\CUMULATIVEPOWERANALYZER.EXE
C:\Users\Showsense\Desktop\CumulativePowerAnalyzer\Release\CumulativePowerAnalyzer.pdb
