C:\Users\Showsense\Desktop\CumulativePowerAnalyzer\CumulativePowerAnalyzer\Debug\Ag34405.tlh
C:\Users\Showsense\Desktop\CumulativePowerAnalyzer\CumulativePowerAnalyzer\Debug\Ag34405.tli
C:\Users\Showsense\Desktop\CumulativePowerAnalyzer\CumulativePowerAnalyzer\Debug\cl.command.1.tlog
C:\Users\Showsense\Desktop\CumulativePowerAnalyzer\CumulativePowerAnalyzer\Debug\CL.read.1.tlog
C:\Users\Showsense\Desktop\CumulativePowerAnalyzer\CumulativePowerAnalyzer\Debug\CL.write.1.tlog
C:\USERS\SHOWSENSE\DESKTOP\CUMULATIVEPOWERANALYZER\CUMULATIVEPOWERANALYZER\DEBUG\CUMULATIVEPOWERANALYZER.EXE.EMBED.MANIFEST
C:\USERS\SHOWSENSE\DESKTOP\CUMULATIVEPOWERANALYZER\CUMULATIVEPOWERANALYZER\DEBUG\CUMULATIVEPOWERANALYZER.EXE.EMBED.MANIFEST.RES
C:\Users\Showsense\Desktop\CumulativePowerAnalyzer\CumulativePowerAnalyzer\Debug\CumulativePowerAnalyzer.exe.intermediate.manifest
C:\USERS\SHOWSENSE\DESKTOP\CUMULATIVEPOWERANALYZER\CUMULATIVEPOWERANALYZER\DEBUG\CUMULATIVEPOWERANALYZER.OBJ
C:\Users\Showsense\Desktop\CumulativePowerAnalyzer\CumulativePowerAnalyzer\Debug\CumulativePowerAnalyzer_manifest.rc
C:\Users\Showsense\Desktop\CumulativePowerAnalyzer\CumulativePowerAnalyzer\Debug\GlobMgr.tlh
C:\Users\Showsense\Desktop\CumulativePowerAnalyzer\CumulativePowerAnalyzer\Debug\GlobMgr.tli
C:\Users\Showsense\Desktop\CumulativePowerAnalyzer\CumulativePowerAnalyzer\Debug\IviDmmTypeLib.tlh
C:\Users\Showsense\Desktop\CumulativePowerAnalyzer\CumulativePowerAnalyzer\Debug\IviDmmTypeLib.tli
C:\Users\Showsense\Desktop\CumulativePowerAnalyzer\CumulativePowerAnalyzer\Debug\IviDriverTypeLib.tlh
C:\Users\Showsense\Desktop\CumulativePowerAnalyzer\CumulativePowerAnalyzer\Debug\IviDriverTypeLib.tli
C:\Users\Showsense\Desktop\CumulativePowerAnalyzer\CumulativePowerAnalyzer\Debug\link.6680.read.1.tlog
C:\Users\Showsense\Desktop\CumulativePowerAnalyzer\CumulativePowerAnalyzer\Debug\link.6680.write.1.tlog
C:\Users\Showsense\Desktop\CumulativePowerAnalyzer\CumulativePowerAnalyzer\Debug\link.6680-cvtres.read.1.tlog
C:\Users\Showsense\Desktop\CumulativePowerAnalyzer\CumulativePowerAnalyzer\Debug\link.6680-cvtres.write.1.tlog
C:\Users\Showsense\Desktop\CumulativePowerAnalyzer\CumulativePowerAnalyzer\Debug\link.7016.read.1.tlog
C:\Users\Showsense\Desktop\CumulativePowerAnalyzer\CumulativePowerAnalyzer\Debug\link.7016.write.1.tlog
C:\Users\Showsense\Desktop\CumulativePowerAnalyzer\CumulativePowerAnalyzer\Debug\link.7016-cvtres.read.1.tlog
C:\Users\Showsense\Desktop\CumulativePowerAnalyzer\CumulativePowerAnalyzer\Debug\link.7016-cvtres.write.1.tlog
C:\Users\Showsense\Desktop\CumulativePowerAnalyzer\CumulativePowerAnalyzer\Debug\link.command.1.tlog
C:\Users\Showsense\Desktop\CumulativePowerAnalyzer\CumulativePowerAnalyzer\Debug\link.read.1.tlog
C:\Users\Showsense\Desktop\CumulativePowerAnalyzer\CumulativePowerAnalyzer\Debug\link.write.1.tlog
C:\Users\Showsense\Desktop\CumulativePowerAnalyzer\CumulativePowerAnalyzer\Debug\link-cvtres.read.1.tlog
C:\Users\Showsense\Desktop\CumulativePowerAnalyzer\CumulativePowerAnalyzer\Debug\link-cvtres.write.1.tlog
C:\Users\Showsense\Desktop\CumulativePowerAnalyzer\CumulativePowerAnalyzer\Debug\mt.command.1.tlog
C:\Users\Showsense\Desktop\CumulativePowerAnalyzer\CumulativePowerAnalyzer\Debug\mt.read.1.tlog
C:\Users\Showsense\Desktop\CumulativePowerAnalyzer\CumulativePowerAnalyzer\Debug\mt.write.1.tlog
C:\Users\Showsense\Desktop\CumulativePowerAnalyzer\CumulativePowerAnalyzer\Debug\rc.command.1.tlog
C:\Users\Showsense\Desktop\CumulativePowerAnalyzer\CumulativePowerAnalyzer\Debug\rc.read.1.tlog
C:\Users\Showsense\Desktop\CumulativePowerAnalyzer\CumulativePowerAnalyzer\Debug\rc.write.1.tlog
C:\Users\Showsense\Desktop\CumulativePowerAnalyzer\CumulativePowerAnalyzer\Debug\vc100.idb
C:\USERS\SHOWSENSE\DESKTOP\CUMULATIVEPOWERANALYZER\CUMULATIVEPOWERANALYZER\DEBUG\VC100.PDB
C:\Users\Showsense\Desktop\CumulativePowerAnalyzer\Debug\CumulativePowerAnalyzer.pdb
